<?xml version="1.0" encoding="UTF-8"?>
<testsuite name="Pruebas Login" tests="1" skipped="0" failures="0" errors="0" timestamp="2023-11-02T17:53:22" hostname="PE-HO-065" time="22.135">
  <properties/>
  <testcase name="CPLA004 Login Fallido Usuario No Registrado" classname="Pruebas Login" time="22.135"/>
  <system-out><![CDATA[]]></system-out>
  <system-err><![CDATA[nov 02, 2023 12:53:23 PM org.openqa.selenium.remote.DesiredCapabilities chrome
INFORMACIÓN: Using `new ChromeOptions()` is preferred to `DesiredCapabilities.chrome()`
[Test worker] INFO net.serenitybdd.core.webdriver.driverproviders.ProvideNewDriver - Instantiating driver
[Test worker] INFO net.serenitybdd.core.webdriver.driverproviders.ProvideNewDriver - Driver capabilities: Capabilities {acceptInsecureCerts: false, browserName: chrome, chrome.switches: --start-maximized --disable..., goog:chromeOptions: {args: [--start-maximized, --disable-popup-blocking, --ignore-certificate-errors], extensions: []}, loggingPrefs: org.openqa.selenium.logging..., platform: ANY, version: }
Cleaning up unclosed ZipFile for archive C:\DiscoD\ACH\HubDePagos_Ach_Login Op\.\src\test\resources\Data\DataLogin.xlsx
Cleaning up unclosed ZipFile for archive C:\DiscoD\ACH\HubDePagos_Ach_Login Op\.\src\test\resources\Data\DataLogin.xlsx
Cleaning up unclosed ZipFile for archive C:\DiscoD\ACH\HubDePagos_Ach_Login Op\.\src\test\resources\Data\DataLogin.xlsx
Cleaning up unclosed ZipFile for archive C:\DiscoD\ACH\HubDePagos_Ach_Login Op\.\src\test\resources\Data\DataLogin.xlsx
Starting ChromeDriver 118.0.5993.70 (e52f33f30b91b4ddfad649acddc39ab570473b86-refs/branch-heads/5993@{#1216}) on port 64147
Only local connections are allowed.
Please see https://chromedriver.chromium.org/security-considerations for suggestions on keeping ChromeDriver safe.
ChromeDriver was started successfully.
nov 02, 2023 12:53:25 PM org.openqa.selenium.remote.ProtocolHandshake createSession
INFORMACIÓN: Detected dialect: W3C
[Test worker] INFO net.thucydides.core.steps.ConsoleLoggingListener - 
        __    _____ _____ ____ _____   ____   _    ____  ____  _____ ____  
  _     \ \  |_   _| ____/ ___|_   _| |  _ \ / \  / ___|/ ___|| ____|  _ \ 
 (_)_____| |   | | |  _| \___ \ | |   | |_) / _ \ \___ \\___ \|  _| | | | |
  _|_____| |   | | | |___ ___) || |   |  __/ ___ \ ___) |___) | |___| |_| |
 (_)     | |   |_| |_____|____/ |_|   |_| /_/   \_\____/|____/|_____|____/ 
        /_/                                                                

TEST PASSED: CPLA004 Login Fallido Usuario No Registrado
----------------------------------------------------------------------------
]]></system-err>
</testsuite>
